[INFO] Scanning for projects...
[INFO] 
[INFO] --------------------------< org.acm:prosumer >--------------------------
[INFO] Building prosumer 1.0.0-SNAPSHOT
[INFO]   from pom.xml
[INFO] --------------------------------[ jar ]---------------------------------
[INFO] 
[INFO] --- clean:3.2.0:clean (default-clean) @ prosumer ---
[INFO] Deleting /Users/joaorusso/Developer/MEIC/EI/project/microservices/Prosumer/target
[INFO] 
[INFO] --- resources:3.3.1:resources (default-resources) @ prosumer ---
[INFO] Copying 2 resources from src/main/resources to target/classes
[INFO] 
[INFO] --- quarkus:3.27.2:generate-code (default) @ prosumer ---
[INFO] 
[INFO] --- compiler:3.14.0:compile (default-compile) @ prosumer ---
[INFO] Recompiling the module because of changed source code.
[INFO] Compiling 2 source files with javac [debug release 17] to target/classes
[INFO] /Users/joaorusso/Developer/MEIC/EI/project/microservices/Prosumer/src/main/java/org/acme/Prosumer.java: Some input files use or override a deprecated API.
[INFO] /Users/joaorusso/Developer/MEIC/EI/project/microservices/Prosumer/src/main/java/org/acme/Prosumer.java: Recompile with -Xlint:deprecation for details.
[INFO] 
[INFO] --- quarkus:3.27.2:generate-code-tests (default) @ prosumer ---
[INFO] 
[INFO] --- resources:3.3.1:testResources (default-testResources) @ prosumer ---
[INFO] skip non existing resourceDirectory /Users/joaorusso/Developer/MEIC/EI/project/microservices/Prosumer/src/test/resources
[INFO] 
[INFO] --- compiler:3.14.0:testCompile (default-testCompile) @ prosumer ---
[INFO] Recompiling the module because of changed dependency.
[INFO] Compiling 2 source files with javac [debug release 17] to target/test-classes
[INFO] 
[INFO] --- surefire:3.5.3:test (default-test) @ prosumer ---
[INFO] Using auto detected provider org.apache.maven.surefire.junitplatform.JUnitPlatformProvider
[INFO] 
[INFO] -------------------------------------------------------
[INFO]  T E S T S
[INFO] -------------------------------------------------------
[INFO] Running org.acm.GreetingResourceTest
2026-05-06 23:01:17,657 INFO  [io.quarkus] (main) prosumer 1.0.0-SNAPSHOT on JVM (powered by Quarkus 3.27.2) started in 4.533s. Listening on: http://localhost:8081
2026-05-06 23:01:17,659 INFO  [io.quarkus] (main) Profile test activated. 
2026-05-06 23:01:17,660 INFO  [io.quarkus] (main) Installed features: [cdi, compose, reactive-mysql-client, rest, rest-jackson, smallrye-context-propagation, smallrye-openapi, swagger-ui, vertx]
[INFO] Tests run: 1, Failures: 0, Errors: 0, Skipped: 0, Time elapsed: 2.161 s -- in org.acm.GreetingResourceTest
2026-05-06 23:01:17,847 INFO  [io.quarkus] (main) prosumer stopped in 0.021s
[INFO] 
[INFO] Results:
[INFO] 
[INFO] Tests run: 1, Failures: 0, Errors: 0, Skipped: 0
[INFO] 
[INFO] 
[INFO] --- jar:3.3.0:jar (default-jar) @ prosumer ---
[INFO] Building jar: /Users/joaorusso/Developer/MEIC/EI/project/microservices/Prosumer/target/prosumer-1.0.0-SNAPSHOT.jar
[INFO] 
[INFO] --- quarkus:3.27.2:build (default) @ prosumer ---
[INFO] Testcontainers version: 1.21.4
[INFO] Loaded org.testcontainers.dockerclient.UnixSocketClientProviderStrategy from ~/.testcontainers.properties, will try it first
[INFO] Found Docker environment with local Unix socket (unix:///var/run/docker.sock)
[INFO] Docker host IP address is localhost
[INFO] Connected to docker: 
  Server Version: 29.4.1
  API Version: 1.54
  Operating System: Docker Desktop
  Total Memory: 7936 MB
  Labels: 
    com.docker.desktop.address=unix:///Users/joaorusso/Library/Containers/com.docker.docker/Data/docker-cli.sock
[INFO] Image pull policy will be performed by: DefaultPullPolicy()
[INFO] Image name substitution will be performed by: DefaultImageNameSubstitutor (composite of 'ConfigurationFileImageNameSubstitutor' and 'PrefixingImageNameSubstitutor')
[INFO] Checking the system...
[INFO] ✔︎ Docker server version should be at least 1.6.0
[INFO] [io.quarkus.container.image.docker.common.deployment.CommonProcessor] Starting (local) container image build for jar using docker
[INFO] [io.quarkus.container.image.docker.common.deployment.CommonProcessor] Executing the following command to build image: 'docker build -f /Users/joaorusso/Developer/MEIC/EI/project/microservices/Prosumer/src/main/docker/Dockerfile.jvm -t joaoruss0/prosumer:1.0.0-SNAPSHOT /Users/joaorusso/Developer/MEIC/EI/project/microservices/Prosumer'
[WARNING] [io.smallrye.common.process] SRCOM05000: Command docker (pid 27885) completed but logged errors:
	#0 building with "desktop-linux" instance using docker driver
	
	#1 [internal] load build definition from Dockerfile.jvm
	#1 transferring dockerfile: 5.53kB done
	#1 DONE 0.0s
	… (skipped 32 line(s)) …
	#10 exporting attestation manifest sha256:316a68f06bbfc251a16c47f20a96e06727a0e7996a2bba57ae5ce7b7e234d08a 0.0s done
	#10 exporting manifest list sha256:71a60ef77cf03a270b1446a7cf21d136eb48686ee1a4774947e1cba641aa4963 done
	#10 naming to docker.io/joaoruss0/prosumer:1.0.0-SNAPSHOT done
	#10 unpacking to docker.io/joaoruss0/prosumer:1.0.0-SNAPSHOT 0.0s done
	#10 DONE 0.2s
[INFO] [io.quarkus.container.image.docker.deployment.DockerProcessor] Built container image joaoruss0/prosumer:1.0.0-SNAPSHOT

[INFO] [io.quarkus.container.image.docker.common.deployment.CommonProcessor] No container image registry was set, so 'docker.io' will be used
[INFO] [io.quarkus.container.image.docker.common.deployment.CommonProcessor] Successfully pushed docker image joaoruss0/prosumer:1.0.0-SNAPSHOT
[INFO] [io.quarkus.deployment.QuarkusAugmentor] Quarkus augmentation completed in 8545ms
[INFO] ------------------------------------------------------------------------
[INFO] BUILD SUCCESS
[INFO] ------------------------------------------------------------------------
[INFO] Total time:  19.662 s
[INFO] Finished at: 2026-05-06T23:01:26+01:00
[INFO] ------------------------------------------------------------------------
[0m[1mInitializing provider plugins found in the configuration...[0m
- Reusing previous version of hashicorp/aws from the dependency lock file
- Using previously-installed hashicorp/aws v4.67.0

[0m[1mInitializing the backend...[0m

[0m[1mInitializing provider plugins found in the state...[0m


[0m[1m[32mTerraform has been successfully initialized![0m[32m[0m
[0m[32m
You may now begin working with Terraform. Try running "terraform plan" to see
any changes that are required for your infrastructure. All Terraform commands
should now work.

If you ever set or change modules or backend configuration for Terraform,
rerun this command to reinitialize your working directory. If you forget, other
commands will detect it and remind you to do so if necessary.[0m
[31m[31m╷[0m[0m
[31m│[0m [0m[1m[31mError: [0m[0m[1mNo such resource instance[0m
[31m│[0m [0m
[31m│[0m [0m[0mThe state currently contains no resource instances whatsoever. This may
[31m│[0m [0moccur if the configuration has never been applied or if it has recently
[31m│[0m [0mbeen destroyed.
[31m╵[0m[0m
[0m[0m

Terraform used the selected providers to generate the following execution
plan. Resource actions are indicated with the following symbols:
  [32m+[0m create[0m

Terraform will perform the following actions:

[1m  # aws_instance.exampleDeployQuarkus[0m will be created
[0m  [32m+[0m[0m resource "aws_instance" "exampleDeployQuarkus" {
      [32m+[0m[0m ami                                  = "ami-0bb7267a511c0a8e8"
      [32m+[0m[0m arn                                  = (known after apply)
      [32m+[0m[0m associate_public_ip_address          = (known after apply)
      [32m+[0m[0m availability_zone                    = (known after apply)
      [32m+[0m[0m cpu_core_count                       = (known after apply)
      [32m+[0m[0m cpu_threads_per_core                 = (known after apply)
      [32m+[0m[0m disable_api_stop                     = (known after apply)
      [32m+[0m[0m disable_api_termination              = (known after apply)
      [32m+[0m[0m ebs_optimized                        = (known after apply)
      [32m+[0m[0m get_password_data                    = false
      [32m+[0m[0m host_id                              = (known after apply)
      [32m+[0m[0m host_resource_group_arn              = (known after apply)
      [32m+[0m[0m iam_instance_profile                 = (known after apply)
      [32m+[0m[0m id                                   = (known after apply)
      [32m+[0m[0m instance_initiated_shutdown_behavior = (known after apply)
      [32m+[0m[0m instance_state                       = (known after apply)
      [32m+[0m[0m instance_type                        = "t4g.small"
      [32m+[0m[0m ipv6_address_count                   = (known after apply)
      [32m+[0m[0m ipv6_addresses                       = (known after apply)
      [32m+[0m[0m key_name                             = "vockey"
      [32m+[0m[0m monitoring                           = (known after apply)
      [32m+[0m[0m outpost_arn                          = (known after apply)
      [32m+[0m[0m password_data                        = (known after apply)
      [32m+[0m[0m placement_group                      = (known after apply)
      [32m+[0m[0m placement_partition_number           = (known after apply)
      [32m+[0m[0m primary_network_interface_id         = (known after apply)
      [32m+[0m[0m private_dns                          = (known after apply)
      [32m+[0m[0m private_ip                           = (known after apply)
      [32m+[0m[0m public_dns                           = (known after apply)
      [32m+[0m[0m public_ip                            = (known after apply)
      [32m+[0m[0m secondary_private_ips                = (known after apply)
      [32m+[0m[0m security_groups                      = (known after apply)
      [32m+[0m[0m source_dest_check                    = true
      [32m+[0m[0m subnet_id                            = (known after apply)
      [32m+[0m[0m tags                                 = {
          [32m+[0m[0m "Name" = "terraform-deploy-QuarkusProject-prosumer"
        }
      [32m+[0m[0m tags_all                             = {
          [32m+[0m[0m "Name" = "terraform-deploy-QuarkusProject-prosumer"
        }
      [32m+[0m[0m tenancy                              = (known after apply)
      [32m+[0m[0m user_data                            = "086bd58eecd1aef90f8a9d3ab4691680cde35c82"
      [32m+[0m[0m user_data_base64                     = (known after apply)
      [32m+[0m[0m user_data_replace_on_change          = true
      [32m+[0m[0m vpc_security_group_ids               = (known after apply)

      [32m+[0m[0m capacity_reservation_specification (known after apply)

      [32m+[0m[0m cpu_options (known after apply)

      [32m+[0m[0m ebs_block_device (known after apply)

      [32m+[0m[0m enclave_options (known after apply)

      [32m+[0m[0m ephemeral_block_device (known after apply)

      [32m+[0m[0m maintenance_options (known after apply)

      [32m+[0m[0m metadata_options (known after apply)

      [32m+[0m[0m network_interface (known after apply)

      [32m+[0m[0m private_dns_name_options (known after apply)

      [32m+[0m[0m root_block_device (known after apply)
    }

[1m  # aws_security_group.instance[0m will be created
[0m  [32m+[0m[0m resource "aws_security_group" "instance" {
      [32m+[0m[0m arn                    = (known after apply)
      [32m+[0m[0m description            = "Managed by Terraform"
      [32m+[0m[0m egress                 = [
          [32m+[0m[0m {
              [32m+[0m[0m cidr_blocks      = [
                  [32m+[0m[0m "0.0.0.0/0",
                ]
              [32m+[0m[0m from_port        = 0
              [32m+[0m[0m ipv6_cidr_blocks = [
                  [32m+[0m[0m "::/0",
                ]
              [32m+[0m[0m prefix_list_ids  = []
              [32m+[0m[0m protocol         = "-1"
              [32m+[0m[0m security_groups  = []
              [32m+[0m[0m self             = false
              [32m+[0m[0m to_port          = 0
                [90m# (1 unchanged attribute hidden)[0m[0m
            },
        ]
      [32m+[0m[0m id                     = (known after apply)
      [32m+[0m[0m ingress                = [
          [32m+[0m[0m {
              [32m+[0m[0m cidr_blocks      = [
                  [32m+[0m[0m "0.0.0.0/0",
                ]
              [32m+[0m[0m from_port        = 0
              [32m+[0m[0m ipv6_cidr_blocks = [
                  [32m+[0m[0m "::/0",
                ]
              [32m+[0m[0m prefix_list_ids  = []
              [32m+[0m[0m protocol         = "-1"
              [32m+[0m[0m security_groups  = []
              [32m+[0m[0m self             = false
              [32m+[0m[0m to_port          = 0
                [90m# (1 unchanged attribute hidden)[0m[0m
            },
        ]
      [32m+[0m[0m name                   = "terraform-Quarkus-instance-prosumer2026"
      [32m+[0m[0m name_prefix            = (known after apply)
      [32m+[0m[0m owner_id               = (known after apply)
      [32m+[0m[0m revoke_rules_on_delete = false
      [32m+[0m[0m tags_all               = (known after apply)
      [32m+[0m[0m vpc_id                 = (known after apply)
    }

[1mPlan:[0m [0m2 to add, 0 to change, 0 to destroy.
[0m[1maws_security_group.instance: Creating...[0m[0m
[0m[1maws_security_group.instance: Creation complete after 4s [id=sg-0abd1d54a6cc438a5][0m
[0m[1maws_instance.exampleDeployQuarkus: Creating...[0m[0m
[0m[1maws_instance.exampleDeployQuarkus: Still creating... [00m10s elapsed][0m[0m
[0m[1maws_instance.exampleDeployQuarkus: Creation complete after 14s [id=i-0511aa34affb87430][0m
[0m[1m[32m
Apply complete! Resources: 2 added, 0 changed, 0 destroyed.[0m
MICROSERVICE prosumer IS AVAILABLE HERE:
http://ec2-100-27-211-182.compute-1.amazonaws.com:8080/q/swagger-ui/
