[0m[1mInitializing provider plugins found in the configuration...[0m
- Reusing previous version of hashicorp/aws from the dependency lock file
- Using previously-installed hashicorp/aws v4.67.0

[0m[1mInitializing the backend...[0m

[0m[1mInitializing provider plugins found in the state...[0m


[0m[1m[32mTerraform has been successfully initialized![0m[32m[0m
[0m[32m
You may now begin working with Terraform. Try running "terraform plan" to see
any changes that are required for your infrastructure. All Terraform commands
should now work.

If you ever set or change modules or backend configuration for Terraform,
rerun this command to reinitialize your working directory. If you forget, other
commands will detect it and remind you to do so if necessary.[0m

Terraform used the selected providers to generate the following execution
plan. Resource actions are indicated with the following symbols:
  [32m+[0m create[0m

Terraform will perform the following actions:

[1m  # aws_db_instance.example[0m will be created
[0m  [32m+[0m[0m resource "aws_db_instance" "example" {
      [32m+[0m[0m address                               = (known after apply)
      [32m+[0m[0m allocated_storage                     = 20
      [32m+[0m[0m apply_immediately                     = false
      [32m+[0m[0m arn                                   = (known after apply)
      [32m+[0m[0m auto_minor_version_upgrade            = true
      [32m+[0m[0m availability_zone                     = (known after apply)
      [32m+[0m[0m backup_retention_period               = (known after apply)
      [32m+[0m[0m backup_window                         = (known after apply)
      [32m+[0m[0m ca_cert_identifier                    = (known after apply)
      [32m+[0m[0m character_set_name                    = (known after apply)
      [32m+[0m[0m copy_tags_to_snapshot                 = false
      [32m+[0m[0m db_name                               = "VPPaaS"
      [32m+[0m[0m db_subnet_group_name                  = (known after apply)
      [32m+[0m[0m delete_automated_backups              = true
      [32m+[0m[0m endpoint                              = (known after apply)
      [32m+[0m[0m engine                                = "mysql"
      [32m+[0m[0m engine_version                        = (known after apply)
      [32m+[0m[0m engine_version_actual                 = (known after apply)
      [32m+[0m[0m hosted_zone_id                        = (known after apply)
      [32m+[0m[0m id                                    = (known after apply)
      [32m+[0m[0m identifier                            = (known after apply)
      [32m+[0m[0m identifier_prefix                     = "ieproject2026"
      [32m+[0m[0m instance_class                        = "db.t4g.micro"
      [32m+[0m[0m iops                                  = (known after apply)
      [32m+[0m[0m kms_key_id                            = (known after apply)
      [32m+[0m[0m latest_restorable_time                = (known after apply)
      [32m+[0m[0m license_model                         = (known after apply)
      [32m+[0m[0m listener_endpoint                     = (known after apply)
      [32m+[0m[0m maintenance_window                    = (known after apply)
      [32m+[0m[0m master_user_secret                    = (known after apply)
      [32m+[0m[0m master_user_secret_kms_key_id         = (known after apply)
      [32m+[0m[0m monitoring_interval                   = 0
      [32m+[0m[0m monitoring_role_arn                   = (known after apply)
      [32m+[0m[0m multi_az                              = (known after apply)
      [32m+[0m[0m name                                  = (known after apply)
      [32m+[0m[0m nchar_character_set_name              = (known after apply)
      [32m+[0m[0m network_type                          = (known after apply)
      [32m+[0m[0m option_group_name                     = (known after apply)
      [32m+[0m[0m parameter_group_name                  = (known after apply)
      [32m+[0m[0m password                              = (sensitive value)
      [32m+[0m[0m performance_insights_enabled          = false
      [32m+[0m[0m performance_insights_kms_key_id       = (known after apply)
      [32m+[0m[0m performance_insights_retention_period = (known after apply)
      [32m+[0m[0m port                                  = (known after apply)
      [32m+[0m[0m publicly_accessible                   = true
      [32m+[0m[0m replica_mode                          = (known after apply)
      [32m+[0m[0m replicas                              = (known after apply)
      [32m+[0m[0m resource_id                           = (known after apply)
      [32m+[0m[0m skip_final_snapshot                   = true
      [32m+[0m[0m snapshot_identifier                   = (known after apply)
      [32m+[0m[0m status                                = (known after apply)
      [32m+[0m[0m storage_throughput                    = (known after apply)
      [32m+[0m[0m storage_type                          = (known after apply)
      [32m+[0m[0m tags_all                              = (known after apply)
      [32m+[0m[0m timezone                              = (known after apply)
      [32m+[0m[0m username                              = (sensitive value)
      [32m+[0m[0m vpc_security_group_ids                = (known after apply)
    }

[1m  # aws_security_group.rds[0m will be created
[0m  [32m+[0m[0m resource "aws_security_group" "rds" {
      [32m+[0m[0m arn                    = (known after apply)
      [32m+[0m[0m description            = "Managed by Terraform"
      [32m+[0m[0m egress                 = [
          [32m+[0m[0m {
              [32m+[0m[0m cidr_blocks      = [
                  [32m+[0m[0m "0.0.0.0/0",
                ]
              [32m+[0m[0m from_port        = 0
              [32m+[0m[0m ipv6_cidr_blocks = [
                  [32m+[0m[0m "::/0",
                ]
              [32m+[0m[0m prefix_list_ids  = []
              [32m+[0m[0m protocol         = "-1"
              [32m+[0m[0m security_groups  = []
              [32m+[0m[0m self             = false
              [32m+[0m[0m to_port          = 0
                [90m# (1 unchanged attribute hidden)[0m[0m
            },
        ]
      [32m+[0m[0m id                     = (known after apply)
      [32m+[0m[0m ingress                = [
          [32m+[0m[0m {
              [32m+[0m[0m cidr_blocks      = [
                  [32m+[0m[0m "0.0.0.0/0",
                ]
              [32m+[0m[0m from_port        = 3306
              [32m+[0m[0m ipv6_cidr_blocks = []
              [32m+[0m[0m prefix_list_ids  = []
              [32m+[0m[0m protocol         = "tcp"
              [32m+[0m[0m security_groups  = []
              [32m+[0m[0m self             = false
              [32m+[0m[0m to_port          = 3306
                [90m# (1 unchanged attribute hidden)[0m[0m
            },
        ]
      [32m+[0m[0m name                   = "terraform-rds-instance2026"
      [32m+[0m[0m name_prefix            = (known after apply)
      [32m+[0m[0m owner_id               = (known after apply)
      [32m+[0m[0m revoke_rules_on_delete = false
      [32m+[0m[0m tags_all               = (known after apply)
      [32m+[0m[0m vpc_id                 = (known after apply)
    }

[1mPlan:[0m [0m2 to add, 0 to change, 0 to destroy.

Changes to Outputs:
  [32m+[0m[0m address = (known after apply)
  [32m+[0m[0m port    = (known after apply)
[0m[1maws_security_group.rds: Creating...[0m[0m
[0m[1maws_security_group.rds: Creation complete after 4s [id=sg-0bb414fdb7022b511][0m
[0m[1maws_db_instance.example: Creating...[0m[0m
[0m[1maws_db_instance.example: Still creating... [00m10s elapsed][0m[0m
[0m[1maws_db_instance.example: Still creating... [00m20s elapsed][0m[0m
[0m[1maws_db_instance.example: Still creating... [00m30s elapsed][0m[0m
[0m[1maws_db_instance.example: Still creating... [00m40s elapsed][0m[0m
[0m[1maws_db_instance.example: Still creating... [00m50s elapsed][0m[0m
[0m[1maws_db_instance.example: Still creating... [01m00s elapsed][0m[0m
[0m[1maws_db_instance.example: Still creating... [01m10s elapsed][0m[0m
[0m[1maws_db_instance.example: Still creating... [01m20s elapsed][0m[0m
[0m[1maws_db_instance.example: Still creating... [01m30s elapsed][0m[0m
[0m[1maws_db_instance.example: Still creating... [01m40s elapsed][0m[0m
[0m[1maws_db_instance.example: Still creating... [01m50s elapsed][0m[0m
[0m[1maws_db_instance.example: Still creating... [02m00s elapsed][0m[0m
[0m[1maws_db_instance.example: Still creating... [02m10s elapsed][0m[0m
[0m[1maws_db_instance.example: Still creating... [02m20s elapsed][0m[0m
[0m[1maws_db_instance.example: Still creating... [02m30s elapsed][0m[0m
[0m[1maws_db_instance.example: Still creating... [02m40s elapsed][0m[0m
[0m[1maws_db_instance.example: Still creating... [02m50s elapsed][0m[0m
[0m[1maws_db_instance.example: Still creating... [03m00s elapsed][0m[0m
[0m[1maws_db_instance.example: Still creating... [03m10s elapsed][0m[0m
[0m[1maws_db_instance.example: Still creating... [03m20s elapsed][0m[0m
[0m[1maws_db_instance.example: Still creating... [03m30s elapsed][0m[0m
[0m[1maws_db_instance.example: Still creating... [03m40s elapsed][0m[0m
[0m[1maws_db_instance.example: Still creating... [03m50s elapsed][0m[0m
[0m[1maws_db_instance.example: Still creating... [04m00s elapsed][0m[0m
[0m[1maws_db_instance.example: Still creating... [04m10s elapsed][0m[0m
[0m[1maws_db_instance.example: Still creating... [04m20s elapsed][0m[0m
[0m[1maws_db_instance.example: Still creating... [04m30s elapsed][0m[0m
[0m[1maws_db_instance.example: Still creating... [04m40s elapsed][0m[0m
[0m[1maws_db_instance.example: Still creating... [04m50s elapsed][0m[0m
[0m[1maws_db_instance.example: Still creating... [05m00s elapsed][0m[0m
[0m[1maws_db_instance.example: Creation complete after 5m10s [id=ieproject202620260506205905310200000001][0m
[0m[1m[32m
Apply complete! Resources: 2 added, 0 changed, 0 destroyed.[0m
[0m[1m[32m
Outputs:

[0maddress = "ieproject202620260506205905310200000001.chvkqwfiehtt.us-east-1.rds.amazonaws.com"
port = 3306
RDS IS AVAILABLE HERE:
    address                               = "ieproject202620260506205905310200000001.chvkqwfiehtt.us-east-1.rds.amazonaws.com"
    port                                  = 3306
