aws_security_group.rds: Refreshing state... [id=sg-055101c88ab522aa0]
aws_db_instance.example: Refreshing state... [id=ieproject202620260506203808565500000001]

Terraform used the selected providers to generate the following execution
plan. Resource actions are indicated with the following symbols:
  - destroy

Terraform will perform the following actions:

  # aws_db_instance.example will be destroyed
  - resource "aws_db_instance" "example" {
      - address                               = "ieproject202620260506203808565500000001.chvkqwfiehtt.us-east-1.rds.amazonaws.com" -> null
      - allocated_storage                     = 20 -> null
      - apply_immediately                     = false -> null
      - arn                                   = "arn:aws:rds:us-east-1:805327765760:db:ieproject202620260506203808565500000001" -> null
      - auto_minor_version_upgrade            = true -> null
      - availability_zone                     = "us-east-1b" -> null
      - backup_retention_period               = 0 -> null
      - backup_window                         = "09:12-09:42" -> null
      - ca_cert_identifier                    = "rds-ca-rsa2048-g1" -> null
      - copy_tags_to_snapshot                 = false -> null
      - customer_owned_ip_enabled             = false -> null
      - db_name                               = "VPPaaS" -> null
      - db_subnet_group_name                  = "default" -> null
      - delete_automated_backups              = true -> null
      - deletion_protection                   = false -> null
      - enabled_cloudwatch_logs_exports       = [] -> null
      - endpoint                              = "ieproject202620260506203808565500000001.chvkqwfiehtt.us-east-1.rds.amazonaws.com:3306" -> null
      - engine                                = "mysql" -> null
      - engine_version                        = "8.4.8" -> null
      - engine_version_actual                 = "8.4.8" -> null
      - hosted_zone_id                        = "Z2R2ITUGPM61AM" -> null
      - iam_database_authentication_enabled   = false -> null
      - id                                    = "ieproject202620260506203808565500000001" -> null
      - identifier                            = "ieproject202620260506203808565500000001" -> null
      - identifier_prefix                     = "ieproject2026" -> null
      - instance_class                        = "db.t4g.micro" -> null
      - iops                                  = 0 -> null
      - license_model                         = "general-public-license" -> null
      - listener_endpoint                     = [] -> null
      - maintenance_window                    = "fri:07:27-fri:07:57" -> null
      - master_user_secret                    = [] -> null
      - max_allocated_storage                 = 0 -> null
      - monitoring_interval                   = 0 -> null
      - multi_az                              = false -> null
      - name                                  = "VPPaaS" -> null
      - network_type                          = "IPV4" -> null
      - option_group_name                     = "default:mysql-8-4" -> null
      - parameter_group_name                  = "default.mysql8.4" -> null
      - password                              = (sensitive value) -> null
      - performance_insights_enabled          = false -> null
      - performance_insights_retention_period = 0 -> null
      - port                                  = 3306 -> null
      - publicly_accessible                   = true -> null
      - replicas                              = [] -> null
      - resource_id                           = "db-GZ2Q4YEWQ4KSXZVU2HPZXXNUH4" -> null
      - security_group_names                  = [] -> null
      - skip_final_snapshot                   = true -> null
      - status                                = "available" -> null
      - storage_encrypted                     = false -> null
      - storage_throughput                    = 0 -> null
      - storage_type                          = "gp2" -> null
      - tags                                  = {} -> null
      - tags_all                              = {} -> null
      - username                              = (sensitive value) -> null
      - vpc_security_group_ids                = [
          - "sg-055101c88ab522aa0",
        ] -> null
        # (12 unchanged attributes hidden)
    }

  # aws_security_group.rds will be destroyed
  - resource "aws_security_group" "rds" {
      - arn                    = "arn:aws:ec2:us-east-1:805327765760:security-group/sg-055101c88ab522aa0" -> null
      - description            = "Managed by Terraform" -> null
      - egress                 = [
          - {
              - cidr_blocks      = [
                  - "0.0.0.0/0",
                ]
              - from_port        = 0
              - ipv6_cidr_blocks = [
                  - "::/0",
                ]
              - prefix_list_ids  = []
              - protocol         = "-1"
              - security_groups  = []
              - self             = false
              - to_port          = 0
                # (1 unchanged attribute hidden)
            },
        ] -> null
      - id                     = "sg-055101c88ab522aa0" -> null
      - ingress                = [
          - {
              - cidr_blocks      = [
                  - "0.0.0.0/0",
                ]
              - from_port        = 3306
              - ipv6_cidr_blocks = []
              - prefix_list_ids  = []
              - protocol         = "tcp"
              - security_groups  = []
              - self             = false
              - to_port          = 3306
                # (1 unchanged attribute hidden)
            },
        ] -> null
      - name                   = "terraform-rds-instance2026" -> null
      - owner_id               = "805327765760" -> null
      - revoke_rules_on_delete = false -> null
      - tags                   = {} -> null
      - tags_all               = {} -> null
      - vpc_id                 = "vpc-0cc3150057eb153e2" -> null
        # (1 unchanged attribute hidden)
    }

Plan: 0 to add, 0 to change, 2 to destroy.

Changes to Outputs:
  - address = "ieproject202620260506203808565500000001.chvkqwfiehtt.us-east-1.rds.amazonaws.com" -> null
  - port    = 3306 -> null
aws_db_instance.example: Destroying... [id=ieproject202620260506203808565500000001]
aws_db_instance.example: Still destroying... [id=ieproject202620260506203808565500000001, 00m10s elapsed]
aws_db_instance.example: Still destroying... [id=ieproject202620260506203808565500000001, 00m20s elapsed]
aws_db_instance.example: Still destroying... [id=ieproject202620260506203808565500000001, 00m30s elapsed]
aws_db_instance.example: Still destroying... [id=ieproject202620260506203808565500000001, 00m40s elapsed]
aws_db_instance.example: Still destroying... [id=ieproject202620260506203808565500000001, 00m50s elapsed]
aws_db_instance.example: Still destroying... [id=ieproject202620260506203808565500000001, 01m00s elapsed]
aws_db_instance.example: Still destroying... [id=ieproject202620260506203808565500000001, 01m10s elapsed]
aws_db_instance.example: Still destroying... [id=ieproject202620260506203808565500000001, 01m20s elapsed]
aws_db_instance.example: Still destroying... [id=ieproject202620260506203808565500000001, 01m30s elapsed]
aws_db_instance.example: Still destroying... [id=ieproject202620260506203808565500000001, 01m40s elapsed]
aws_db_instance.example: Still destroying... [id=ieproject202620260506203808565500000001, 01m50s elapsed]
aws_db_instance.example: Still destroying... [id=ieproject202620260506203808565500000001, 02m00s elapsed]
aws_db_instance.example: Destruction complete after 2m2s
aws_security_group.rds: Destroying... [id=sg-055101c88ab522aa0]
aws_security_group.rds: Destruction complete after 2s

Destroy complete! Resources: 2 destroyed.
